2023-05-07 09:34:05.345  WARN [s3-login,,] 3852 --- [main] c.a.c.n.c.NacosPropertySourceBuilder     : Ignore the empty nacos configuration and get it based on dataId[s3-login] & group[DEFAULT_GROUP]
2023-05-07 09:34:05.672  WARN [s3-login,,] 3852 --- [main] c.a.c.n.c.NacosPropertySourceBuilder     : Ignore the empty nacos configuration and get it based on dataId[s3-login.properties] & group[DEFAULT_GROUP]
2023-05-07 09:34:05.673  INFO [s3-login,,] 3852 --- [main] b.c.PropertySourceBootstrapConfiguration : Located property source: [BootstrapPropertySource {name='bootstrapProperties-s3-login.properties,DEFAULT_GROUP'}, BootstrapPropertySource {name='bootstrapProperties-s3-login,DEFAULT_GROUP'}]
2023-05-07 09:34:05.699  INFO [s3-login,,] 3852 --- [main] com.s3.LoginApplication                  : No active profile set, falling back to 1 default profile: "default"
2023-05-07 09:34:06.645  INFO [s3-login,,] 3852 --- [main] .s.d.r.c.RepositoryConfigurationDelegate : Multiple Spring Data modules found, entering strict repository configuration mode
2023-05-07 09:34:06.648  INFO [s3-login,,] 3852 --- [main] .s.d.r.c.RepositoryConfigurationDelegate : Bootstrapping Spring Data Redis repositories in DEFAULT mode.
2023-05-07 09:34:06.675  INFO [s3-login,,] 3852 --- [main] .s.d.r.c.RepositoryConfigurationDelegate : Finished Spring Data repository scanning in 13 ms. Found 0 Redis repository interfaces.
2023-05-07 09:34:06.868  WARN [s3-login,,] 3852 --- [main] o.m.s.mapper.ClassPathMapperScanner      : No MyBatis mapper was found in '[com.tyl.vueblog.mapper]' package. Please check your configuration.
2023-05-07 09:34:06.925  INFO [s3-login,,] 3852 --- [main] o.s.cloud.context.scope.GenericScope     : BeanFactory id=50738c96-8130-3a30-aea3-98f2205990fd
2023-05-07 09:34:07.518  INFO [s3-login,,] 3852 --- [main] o.s.b.w.embedded.tomcat.TomcatWebServer  : Tomcat initialized with port(s): 10020 (http)
2023-05-07 09:34:07.519  INFO [s3-login,,] 3852 --- [main] o.a.catalina.core.AprLifecycleListener   : An older version [1.2.26] of the Apache Tomcat Native library is installed, while Tomcat recommends a minimum version of [1.2.30]
2023-05-07 09:34:07.519  INFO [s3-login,,] 3852 --- [main] o.a.catalina.core.AprLifecycleListener   : Loaded Apache Tomcat Native library [1.2.26] using APR version [1.7.0].
2023-05-07 09:34:07.519  INFO [s3-login,,] 3852 --- [main] o.a.catalina.core.AprLifecycleListener   : APR capabilities: IPv6 [true], sendfile [true], accept filters [false], random [true], UDS [true].
2023-05-07 09:34:07.520  INFO [s3-login,,] 3852 --- [main] o.a.catalina.core.AprLifecycleListener   : APR/OpenSSL configuration: useAprConnector [false], useOpenSSL [true]
2023-05-07 09:34:07.530  INFO [s3-login,,] 3852 --- [main] o.a.catalina.core.AprLifecycleListener   : OpenSSL successfully initialized [OpenSSL 1.1.1i  8 Dec 2020]
2023-05-07 09:34:07.539  INFO [s3-login,,] 3852 --- [main] o.apache.catalina.core.StandardService   : Starting service [Tomcat]
2023-05-07 09:34:07.539  INFO [s3-login,,] 3852 --- [main] org.apache.catalina.core.StandardEngine  : Starting Servlet engine: [Apache Tomcat/9.0.73]
2023-05-07 09:34:07.768  INFO [s3-login,,] 3852 --- [main] o.a.c.c.C.[Tomcat].[localhost].[/]       : Initializing Spring embedded WebApplicationContext
2023-05-07 09:34:07.769  INFO [s3-login,,] 3852 --- [main] w.s.c.ServletWebServerApplicationContext : Root WebApplicationContext: initialization completed in 2050 ms
2023-05-07 09:34:07.874  INFO [s3-login,,] 3852 --- [main] c.a.d.s.b.a.DruidDataSourceAutoConfigure : Init DruidDataSource
2023-05-07 09:34:07.983  INFO [s3-login,,] 3852 --- [main] com.alibaba.druid.pool.DruidDataSource   : {dataSource-1} inited
2023-05-07 09:34:09.345  WARN [s3-login,,] 3852 --- [pool-5-thread-1] o.s.c.s.a.z.ZipkinAutoConfiguration      : Check result of the [RestTemplateSender{http://localhost:9411/api/v2/spans}] contains an error [CheckResult{ok=false, error=org.springframework.web.client.ResourceAccessException: I/O error on POST request for "http://localhost:9411/api/v2/spans": connect timed out; nested exception is java.net.SocketTimeoutException: connect timed out}]
2023-05-07 09:34:11.770  WARN [s3-login,,] 3852 --- [main] iguration$LoadBalancerCaffeineWarnLogger : Spring Cloud LoadBalancer is currently working with the default cache. While this cache implementation is useful for development and tests, it's recommended to use Caffeine cache in production.You can switch to using Caffeine cache, by adding it and org.springframework.cache.caffeine.CaffeineCacheManager to the classpath.
2023-05-07 09:34:11.842  INFO [s3-login,,] 3852 --- [main] o.s.b.a.e.web.EndpointLinksResolver      : Exposing 1 endpoint(s) beneath base path '/actuator'
2023-05-07 09:34:11.933  INFO [s3-login,,] 3852 --- [main] o.s.b.w.embedded.tomcat.TomcatWebServer  : Tomcat started on port(s): 10020 (http) with context path ''
2023-05-07 09:34:11.948  INFO [s3-login,,] 3852 --- [main] c.a.n.p.a.s.c.ClientAuthPluginManager    : [ClientAuthPluginManager] Load ClientAuthService com.alibaba.nacos.client.auth.impl.NacosClientAuthServiceImpl success.
2023-05-07 09:34:11.948  INFO [s3-login,,] 3852 --- [main] c.a.n.p.a.s.c.ClientAuthPluginManager    : [ClientAuthPluginManager] Load ClientAuthService com.alibaba.nacos.client.auth.ram.RamClientAuthServiceImpl success.
2023-05-07 09:34:23.399 ERROR [s3-login,,] 3852 --- [main] c.a.c.n.registry.NacosServiceRegistry    : nacos registry, s3-login register failed...NacosRegistration{nacosDiscoveryProperties=NacosDiscoveryProperties{serverAddr='localhost:8848', username='nacos', password='nacos', endpoint='', namespace='', watchDelay=30000, logName='', service='s3-login', weight=1.0, clusterName='DEFAULT', group='DEFAULT_GROUP', namingLoadCacheAtStart='false', metadata={IPv6=null, preserved.register.source=SPRING_CLOUD}, registerEnabled=true, ip='172.20.86.46', networkInterface='', port=10020, secure=false, accessKey='', secretKey='', heartBeatInterval=null, heartBeatTimeout=null, ipDeleteTimeout=null, instanceEnabled=true, ephemeral=true, failureToleranceEnabled=false}, ipDeleteTimeout=null, failFast=true}},

com.alibaba.nacos.api.exception.NacosException: Client not connected, current status:STARTING
	at com.alibaba.nacos.common.remote.client.RpcClient.request(RpcClient.java:639) ~[nacos-client-2.2.0.jar:na]
	at com.alibaba.nacos.common.remote.client.RpcClient.request(RpcClient.java:619) ~[nacos-client-2.2.0.jar:na]
	at com.alibaba.nacos.client.naming.remote.gprc.NamingGrpcClientProxy.requestToServer(NamingGrpcClientProxy.java:356) ~[nacos-client-2.2.0.jar:na]
	at com.alibaba.nacos.client.naming.remote.gprc.NamingGrpcClientProxy.doRegisterService(NamingGrpcClientProxy.java:209) ~[nacos-client-2.2.0.jar:na]
	at com.alibaba.nacos.client.naming.remote.gprc.NamingGrpcClientProxy.registerService(NamingGrpcClientProxy.java:123) ~[nacos-client-2.2.0.jar:na]
	at com.alibaba.nacos.client.naming.remote.NamingClientProxyDelegate.registerService(NamingClientProxyDelegate.java:98) ~[nacos-client-2.2.0.jar:na]
	at com.alibaba.nacos.client.naming.NacosNamingService.registerInstance(NacosNamingService.java:152) ~[nacos-client-2.2.0.jar:na]
	at com.alibaba.cloud.nacos.registry.NacosServiceRegistry.register(NacosServiceRegistry.java:75) ~[spring-cloud-starter-alibaba-nacos-discovery-2021.0.5.0.jar:2021.0.5.0]
	at org.springframework.cloud.client.serviceregistry.AbstractAutoServiceRegistration.register(AbstractAutoServiceRegistration.java:232) [spring-cloud-commons-3.1.6.jar:3.1.6]
	at com.alibaba.cloud.nacos.registry.NacosAutoServiceRegistration.register(NacosAutoServiceRegistration.java:78) [spring-cloud-starter-alibaba-nacos-discovery-2021.0.5.0.jar:2021.0.5.0]
	at org.springframework.cloud.client.serviceregistry.AbstractAutoServiceRegistration.start(AbstractAutoServiceRegistration.java:133) [spring-cloud-commons-3.1.6.jar:3.1.6]
	at org.springframework.cloud.client.serviceregistry.AbstractAutoServiceRegistration.bind(AbstractAutoServiceRegistration.java:98) [spring-cloud-commons-3.1.6.jar:3.1.6]
	at org.springframework.cloud.client.serviceregistry.AbstractAutoServiceRegistration.onApplicationEvent(AbstractAutoServiceRegistration.java:86) [spring-cloud-commons-3.1.6.jar:3.1.6]
	at org.springframework.cloud.client.serviceregistry.AbstractAutoServiceRegistration.onApplicationEvent(AbstractAutoServiceRegistration.java:47) [spring-cloud-commons-3.1.6.jar:3.1.6]
	at org.springframework.context.event.SimpleApplicationEventMulticaster.doInvokeListener(SimpleApplicationEventMulticaster.java:176) [spring-context-5.3.26.jar:5.3.26]
	at org.springframework.context.event.SimpleApplicationEventMulticaster.invokeListener(SimpleApplicationEventMulticaster.java:169) [spring-context-5.3.26.jar:5.3.26]
	at org.springframework.context.event.SimpleApplicationEventMulticaster.multicastEvent(SimpleApplicationEventMulticaster.java:143) [spring-context-5.3.26.jar:5.3.26]
	at org.springframework.context.support.AbstractApplicationContext.publishEvent(AbstractApplicationContext.java:421) [spring-context-5.3.26.jar:5.3.26]
	at org.springframework.context.support.AbstractApplicationContext.publishEvent(AbstractApplicationContext.java:378) [spring-context-5.3.26.jar:5.3.26]
	at org.springframework.boot.web.servlet.context.WebServerStartStopLifecycle.start(WebServerStartStopLifecycle.java:46) [spring-boot-2.7.10.jar:2.7.10]
	at org.springframework.context.support.DefaultLifecycleProcessor.doStart(DefaultLifecycleProcessor.java:178) [spring-context-5.3.26.jar:5.3.26]
	at org.springframework.context.support.DefaultLifecycleProcessor.access$200(DefaultLifecycleProcessor.java:54) [spring-context-5.3.26.jar:5.3.26]
	at org.springframework.context.support.DefaultLifecycleProcessor$LifecycleGroup.start(DefaultLifecycleProcessor.java:356) [spring-context-5.3.26.jar:5.3.26]
	at java.lang.Iterable.forEach(Iterable.java:75) ~[na:1.8.0_65]
	at org.springframework.context.support.DefaultLifecycleProcessor.startBeans(DefaultLifecycleProcessor.java:155) [spring-context-5.3.26.jar:5.3.26]
	at org.springframework.context.support.DefaultLifecycleProcessor.onRefresh(DefaultLifecycleProcessor.java:123) [spring-context-5.3.26.jar:5.3.26]
	at org.springframework.context.support.AbstractApplicationContext.finishRefresh(AbstractApplicationContext.java:937) [spring-context-5.3.26.jar:5.3.26]
	at org.springframework.context.support.AbstractApplicationContext.refresh(AbstractApplicationContext.java:586) [spring-context-5.3.26.jar:5.3.26]
	at org.springframework.boot.web.servlet.context.ServletWebServerApplicationContext.refresh(ServletWebServerApplicationContext.java:147) ~[spring-boot-2.7.10.jar:2.7.10]
	at org.springframework.boot.SpringApplication.refresh(SpringApplication.java:731) ~[spring-boot-2.7.10.jar:2.7.10]
	at org.springframework.boot.SpringApplication.refreshContext(SpringApplication.java:408) ~[spring-boot-2.7.10.jar:2.7.10]
	at org.springframework.boot.SpringApplication.run(SpringApplication.java:307) ~[spring-boot-2.7.10.jar:2.7.10]
	at org.springframework.boot.SpringApplication.run(SpringApplication.java:1303) ~[spring-boot-2.7.10.jar:2.7.10]
	at org.springframework.boot.SpringApplication.run(SpringApplication.java:1292) ~[spring-boot-2.7.10.jar:2.7.10]
	at com.s3.LoginApplication.main(LoginApplication.java:15) ~[classes/:na]

2023-05-07 09:34:23.402  WARN [s3-login,,] 3852 --- [main] ConfigServletWebServerApplicationContext : Exception encountered during context initialization - cancelling refresh attempt: org.springframework.context.ApplicationContextException: Failed to start bean 'webServerStartStop'; nested exception is java.lang.reflect.UndeclaredThrowableException
2023-05-07 09:34:24.452  WARN [s3-login,,] 3852 --- [main] z.r.AsyncReporter$BoundedAsyncReporter   : Timed out waiting for in-flight spans to send
2023-05-07 09:34:24.456  INFO [s3-login,,] 3852 --- [main] com.alibaba.druid.pool.DruidDataSource   : {dataSource-1} closing ...
2023-05-07 09:34:24.458  INFO [s3-login,,] 3852 --- [main] com.alibaba.druid.pool.DruidDataSource   : {dataSource-1} closed
2023-05-07 09:34:24.735  INFO [s3-login,,] 3852 --- [main] o.apache.catalina.core.StandardService   : Stopping service [Tomcat]
2023-05-07 09:34:24.775  INFO [s3-login,,] 3852 --- [main] ConditionEvaluationReportLoggingListener : 

Error starting ApplicationContext. To display the conditions report re-run your application with 'debug' enabled.
2023-05-07 09:34:24.826 ERROR [s3-login,,] 3852 --- [main] o.s.boot.SpringApplication               : Application run failed

org.springframework.context.ApplicationContextException: Failed to start bean 'webServerStartStop'; nested exception is java.lang.reflect.UndeclaredThrowableException
	at org.springframework.context.support.DefaultLifecycleProcessor.doStart(DefaultLifecycleProcessor.java:181) ~[spring-context-5.3.26.jar:5.3.26]
	at org.springframework.context.support.DefaultLifecycleProcessor.access$200(DefaultLifecycleProcessor.java:54) ~[spring-context-5.3.26.jar:5.3.26]
	at org.springframework.context.support.DefaultLifecycleProcessor$LifecycleGroup.start(DefaultLifecycleProcessor.java:356) ~[spring-context-5.3.26.jar:5.3.26]
	at java.lang.Iterable.forEach(Iterable.java:75) ~[na:1.8.0_65]
	at org.springframework.context.support.DefaultLifecycleProcessor.startBeans(DefaultLifecycleProcessor.java:155) ~[spring-context-5.3.26.jar:5.3.26]
	at org.springframework.context.support.DefaultLifecycleProcessor.onRefresh(DefaultLifecycleProcessor.java:123) ~[spring-context-5.3.26.jar:5.3.26]
	at org.springframework.context.support.AbstractApplicationContext.finishRefresh(AbstractApplicationContext.java:937) ~[spring-context-5.3.26.jar:5.3.26]
	at org.springframework.context.support.AbstractApplicationContext.refresh(AbstractApplicationContext.java:586) ~[spring-context-5.3.26.jar:5.3.26]
	at org.springframework.boot.web.servlet.context.ServletWebServerApplicationContext.refresh(ServletWebServerApplicationContext.java:147) ~[spring-boot-2.7.10.jar:2.7.10]
	at org.springframework.boot.SpringApplication.refresh(SpringApplication.java:731) [spring-boot-2.7.10.jar:2.7.10]
	at org.springframework.boot.SpringApplication.refreshContext(SpringApplication.java:408) [spring-boot-2.7.10.jar:2.7.10]
	at org.springframework.boot.SpringApplication.run(SpringApplication.java:307) [spring-boot-2.7.10.jar:2.7.10]
	at org.springframework.boot.SpringApplication.run(SpringApplication.java:1303) [spring-boot-2.7.10.jar:2.7.10]
	at org.springframework.boot.SpringApplication.run(SpringApplication.java:1292) [spring-boot-2.7.10.jar:2.7.10]
	at com.s3.LoginApplication.main(LoginApplication.java:15) [classes/:na]
Caused by: java.lang.reflect.UndeclaredThrowableException: null
	at org.springframework.util.ReflectionUtils.rethrowRuntimeException(ReflectionUtils.java:147) ~[spring-core-5.3.26.jar:5.3.26]
	at com.alibaba.cloud.nacos.registry.NacosServiceRegistry.register(NacosServiceRegistry.java:83) ~[spring-cloud-starter-alibaba-nacos-discovery-2021.0.5.0.jar:2021.0.5.0]
	at org.springframework.cloud.client.serviceregistry.AbstractAutoServiceRegistration.register(AbstractAutoServiceRegistration.java:232) ~[spring-cloud-commons-3.1.6.jar:3.1.6]
	at com.alibaba.cloud.nacos.registry.NacosAutoServiceRegistration.register(NacosAutoServiceRegistration.java:78) ~[spring-cloud-starter-alibaba-nacos-discovery-2021.0.5.0.jar:2021.0.5.0]
	at org.springframework.cloud.client.serviceregistry.AbstractAutoServiceRegistration.start(AbstractAutoServiceRegistration.java:133) ~[spring-cloud-commons-3.1.6.jar:3.1.6]
	at org.springframework.cloud.client.serviceregistry.AbstractAutoServiceRegistration.bind(AbstractAutoServiceRegistration.java:98) ~[spring-cloud-commons-3.1.6.jar:3.1.6]
	at org.springframework.cloud.client.serviceregistry.AbstractAutoServiceRegistration.onApplicationEvent(AbstractAutoServiceRegistration.java:86) ~[spring-cloud-commons-3.1.6.jar:3.1.6]
	at org.springframework.cloud.client.serviceregistry.AbstractAutoServiceRegistration.onApplicationEvent(AbstractAutoServiceRegistration.java:47) ~[spring-cloud-commons-3.1.6.jar:3.1.6]
	at org.springframework.context.event.SimpleApplicationEventMulticaster.doInvokeListener(SimpleApplicationEventMulticaster.java:176) ~[spring-context-5.3.26.jar:5.3.26]
	at org.springframework.context.event.SimpleApplicationEventMulticaster.invokeListener(SimpleApplicationEventMulticaster.java:169) ~[spring-context-5.3.26.jar:5.3.26]
	at org.springframework.context.event.SimpleApplicationEventMulticaster.multicastEvent(SimpleApplicationEventMulticaster.java:143) ~[spring-context-5.3.26.jar:5.3.26]
	at org.springframework.context.support.AbstractApplicationContext.publishEvent(AbstractApplicationContext.java:421) ~[spring-context-5.3.26.jar:5.3.26]
	at org.springframework.context.support.AbstractApplicationContext.publishEvent(AbstractApplicationContext.java:378) ~[spring-context-5.3.26.jar:5.3.26]
	at org.springframework.boot.web.servlet.context.WebServerStartStopLifecycle.start(WebServerStartStopLifecycle.java:46) ~[spring-boot-2.7.10.jar:2.7.10]
	at org.springframework.context.support.DefaultLifecycleProcessor.doStart(DefaultLifecycleProcessor.java:178) ~[spring-context-5.3.26.jar:5.3.26]
	... 14 common frames omitted
Caused by: com.alibaba.nacos.api.exception.NacosException: Client not connected, current status:STARTING
	at com.alibaba.nacos.common.remote.client.RpcClient.request(RpcClient.java:639) ~[nacos-client-2.2.0.jar:na]
	at com.alibaba.nacos.common.remote.client.RpcClient.request(RpcClient.java:619) ~[nacos-client-2.2.0.jar:na]
	at com.alibaba.nacos.client.naming.remote.gprc.NamingGrpcClientProxy.requestToServer(NamingGrpcClientProxy.java:356) ~[nacos-client-2.2.0.jar:na]
	at com.alibaba.nacos.client.naming.remote.gprc.NamingGrpcClientProxy.doRegisterService(NamingGrpcClientProxy.java:209) ~[nacos-client-2.2.0.jar:na]
	at com.alibaba.nacos.client.naming.remote.gprc.NamingGrpcClientProxy.registerService(NamingGrpcClientProxy.java:123) ~[nacos-client-2.2.0.jar:na]
	at com.alibaba.nacos.client.naming.remote.NamingClientProxyDelegate.registerService(NamingClientProxyDelegate.java:98) ~[nacos-client-2.2.0.jar:na]
	at com.alibaba.nacos.client.naming.NacosNamingService.registerInstance(NacosNamingService.java:152) ~[nacos-client-2.2.0.jar:na]
	at com.alibaba.cloud.nacos.registry.NacosServiceRegistry.register(NacosServiceRegistry.java:75) ~[spring-cloud-starter-alibaba-nacos-discovery-2021.0.5.0.jar:2021.0.5.0]
	... 27 common frames omitted

2023-05-07 09:34:24.828  WARN [s3-login,,] 3852 --- [Thread-2] c.a.n.common.http.HttpClientBeanHolder   : [HttpClientBeanHolder] Start destroying common HttpClient
2023-05-07 09:34:24.828  WARN [s3-login,,] 3852 --- [Thread-9] c.a.nacos.common.notify.NotifyCenter     : [NotifyCenter] Start destroying Publisher
2023-05-07 09:34:24.829  WARN [s3-login,,] 3852 --- [Thread-9] c.a.nacos.common.notify.NotifyCenter     : [NotifyCenter] Destruction of the end
2023-05-07 09:34:24.829  WARN [s3-login,,] 3852 --- [Thread-2] c.a.n.common.http.HttpClientBeanHolder   : [HttpClientBeanHolder] Destruction of the end
2023-05-07 09:34:24.830  INFO [s3-login,,] 3852 --- [Thread-34] o.s.c.s.a.z.ZipkinAutoConfiguration      : Flushing remaining spans on shutdown
2023-05-07 09:34:36.562  WARN [s3-login,,] 18840 --- [main] c.a.c.n.c.NacosPropertySourceBuilder     : Ignore the empty nacos configuration and get it based on dataId[s3-login] & group[DEFAULT_GROUP]
2023-05-07 09:34:36.573  WARN [s3-login,,] 18840 --- [main] c.a.c.n.c.NacosPropertySourceBuilder     : Ignore the empty nacos configuration and get it based on dataId[s3-login.properties] & group[DEFAULT_GROUP]
2023-05-07 09:34:36.574  INFO [s3-login,,] 18840 --- [main] b.c.PropertySourceBootstrapConfiguration : Located property source: [BootstrapPropertySource {name='bootstrapProperties-s3-login.properties,DEFAULT_GROUP'}, BootstrapPropertySource {name='bootstrapProperties-s3-login,DEFAULT_GROUP'}]
2023-05-07 09:34:36.604  INFO [s3-login,,] 18840 --- [main] com.s3.LoginApplication                  : No active profile set, falling back to 1 default profile: "default"
2023-05-07 09:34:37.587  INFO [s3-login,,] 18840 --- [main] .s.d.r.c.RepositoryConfigurationDelegate : Multiple Spring Data modules found, entering strict repository configuration mode
2023-05-07 09:34:37.590  INFO [s3-login,,] 18840 --- [main] .s.d.r.c.RepositoryConfigurationDelegate : Bootstrapping Spring Data Redis repositories in DEFAULT mode.
2023-05-07 09:34:37.617  INFO [s3-login,,] 18840 --- [main] .s.d.r.c.RepositoryConfigurationDelegate : Finished Spring Data repository scanning in 11 ms. Found 0 Redis repository interfaces.
2023-05-07 09:34:37.836  WARN [s3-login,,] 18840 --- [main] o.m.s.mapper.ClassPathMapperScanner      : No MyBatis mapper was found in '[com.tyl.vueblog.mapper]' package. Please check your configuration.
2023-05-07 09:34:37.921  INFO [s3-login,,] 18840 --- [main] o.s.cloud.context.scope.GenericScope     : BeanFactory id=50738c96-8130-3a30-aea3-98f2205990fd
2023-05-07 09:34:38.672  INFO [s3-login,,] 18840 --- [main] o.s.b.w.embedded.tomcat.TomcatWebServer  : Tomcat initialized with port(s): 10020 (http)
2023-05-07 09:34:38.673  INFO [s3-login,,] 18840 --- [main] o.a.catalina.core.AprLifecycleListener   : An older version [1.2.26] of the Apache Tomcat Native library is installed, while Tomcat recommends a minimum version of [1.2.30]
2023-05-07 09:34:38.674  INFO [s3-login,,] 18840 --- [main] o.a.catalina.core.AprLifecycleListener   : Loaded Apache Tomcat Native library [1.2.26] using APR version [1.7.0].
2023-05-07 09:34:38.674  INFO [s3-login,,] 18840 --- [main] o.a.catalina.core.AprLifecycleListener   : APR capabilities: IPv6 [true], sendfile [true], accept filters [false], random [true], UDS [true].
2023-05-07 09:34:38.674  INFO [s3-login,,] 18840 --- [main] o.a.catalina.core.AprLifecycleListener   : APR/OpenSSL configuration: useAprConnector [false], useOpenSSL [true]
2023-05-07 09:34:38.677  INFO [s3-login,,] 18840 --- [main] o.a.catalina.core.AprLifecycleListener   : OpenSSL successfully initialized [OpenSSL 1.1.1i  8 Dec 2020]
2023-05-07 09:34:38.688  INFO [s3-login,,] 18840 --- [main] o.apache.catalina.core.StandardService   : Starting service [Tomcat]
2023-05-07 09:34:38.688  INFO [s3-login,,] 18840 --- [main] org.apache.catalina.core.StandardEngine  : Starting Servlet engine: [Apache Tomcat/9.0.73]
2023-05-07 09:34:38.869  INFO [s3-login,,] 18840 --- [main] o.a.c.c.C.[Tomcat].[localhost].[/]       : Initializing Spring embedded WebApplicationContext
2023-05-07 09:34:38.870  INFO [s3-login,,] 18840 --- [main] w.s.c.ServletWebServerApplicationContext : Root WebApplicationContext: initialization completed in 2247 ms
2023-05-07 09:34:38.966  INFO [s3-login,,] 18840 --- [main] c.a.d.s.b.a.DruidDataSourceAutoConfigure : Init DruidDataSource
2023-05-07 09:34:39.079  INFO [s3-login,,] 18840 --- [main] com.alibaba.druid.pool.DruidDataSource   : {dataSource-1} inited
2023-05-07 09:34:40.430  WARN [s3-login,,] 18840 --- [pool-3-thread-1] o.s.c.s.a.z.ZipkinAutoConfiguration      : Check result of the [RestTemplateSender{http://localhost:9411/api/v2/spans}] contains an error [CheckResult{ok=false, error=org.springframework.web.client.ResourceAccessException: I/O error on POST request for "http://localhost:9411/api/v2/spans": connect timed out; nested exception is java.net.SocketTimeoutException: connect timed out}]
2023-05-07 09:34:42.955  WARN [s3-login,,] 18840 --- [main] iguration$LoadBalancerCaffeineWarnLogger : Spring Cloud LoadBalancer is currently working with the default cache. While this cache implementation is useful for development and tests, it's recommended to use Caffeine cache in production.You can switch to using Caffeine cache, by adding it and org.springframework.cache.caffeine.CaffeineCacheManager to the classpath.
2023-05-07 09:34:43.006  INFO [s3-login,,] 18840 --- [main] o.s.b.a.e.web.EndpointLinksResolver      : Exposing 1 endpoint(s) beneath base path '/actuator'
2023-05-07 09:34:43.100  INFO [s3-login,,] 18840 --- [main] o.s.b.w.embedded.tomcat.TomcatWebServer  : Tomcat started on port(s): 10020 (http) with context path ''
2023-05-07 09:34:43.115  INFO [s3-login,,] 18840 --- [main] c.a.n.p.a.s.c.ClientAuthPluginManager    : [ClientAuthPluginManager] Load ClientAuthService com.alibaba.nacos.client.auth.impl.NacosClientAuthServiceImpl success.
2023-05-07 09:34:43.115  INFO [s3-login,,] 18840 --- [main] c.a.n.p.a.s.c.ClientAuthPluginManager    : [ClientAuthPluginManager] Load ClientAuthService com.alibaba.nacos.client.auth.ram.RamClientAuthServiceImpl success.
2023-05-07 09:34:43.556  INFO [s3-login,,] 18840 --- [main] c.a.c.n.registry.NacosServiceRegistry    : nacos registry, DEFAULT_GROUP s3-login 172.20.86.46:10020 register finished
2023-05-07 09:34:43.867  INFO [s3-login,,] 18840 --- [main] com.s3.LoginApplication                  : Started LoginApplication in 10.567 seconds (JVM running for 11.602)
2023-05-07 09:34:43.882  INFO [s3-login,,] 18840 --- [main] c.a.c.n.refresh.NacosContextRefresher    : [Nacos Config] Listening config: dataId=s3-login, group=DEFAULT_GROUP
2023-05-07 09:34:43.883  INFO [s3-login,,] 18840 --- [main] c.a.c.n.refresh.NacosContextRefresher    : [Nacos Config] Listening config: dataId=s3-login.properties, group=DEFAULT_GROUP
2023-05-07 09:34:44.693  INFO [s3-login,,] 18840 --- [RMI TCP Connection(2)-172.20.86.46] o.a.c.c.C.[Tomcat].[localhost].[/]       : Initializing Spring DispatcherServlet 'dispatcherServlet'
2023-05-07 09:34:44.693  INFO [s3-login,,] 18840 --- [RMI TCP Connection(2)-172.20.86.46] o.s.web.servlet.DispatcherServlet        : Initializing Servlet 'dispatcherServlet'
2023-05-07 09:34:44.696  INFO [s3-login,,] 18840 --- [RMI TCP Connection(2)-172.20.86.46] o.s.web.servlet.DispatcherServlet        : Completed initialization in 2 ms
2023-05-07 09:34:47.366  WARN [s3-login,,] 18840 --- [boundedElastic-1] o.s.b.a.r.RedisReactiveHealthIndicator   : Redis health check failed

org.springframework.data.redis.RedisConnectionFailureException: Unable to connect to Redis; nested exception is io.lettuce.core.RedisConnectionException: Unable to connect to localhost:6379
	at org.springframework.data.redis.connection.lettuce.LettuceConnectionFactory$ExceptionTranslatingConnectionProvider.translateException(LettuceConnectionFactory.java:1689) ~[spring-data-redis-2.7.10.jar:2.7.10]
	at org.springframework.data.redis.connection.lettuce.LettuceConnectionFactory$ExceptionTranslatingConnectionProvider.getConnection(LettuceConnectionFactory.java:1597) ~[spring-data-redis-2.7.10.jar:2.7.10]
	at org.springframework.data.redis.connection.lettuce.LettuceConnectionFactory$SharedConnection.getNativeConnection(LettuceConnectionFactory.java:1383) ~[spring-data-redis-2.7.10.jar:2.7.10]
	at org.springframework.data.redis.connection.lettuce.LettuceConnectionFactory$SharedConnection.getConnection(LettuceConnectionFactory.java:1366) ~[spring-data-redis-2.7.10.jar:2.7.10]
	at org.springframework.data.redis.connection.lettuce.LettuceConnectionFactory.getSharedReactiveConnection(LettuceConnectionFactory.java:1117) ~[spring-data-redis-2.7.10.jar:2.7.10]
	at org.springframework.data.redis.connection.lettuce.LettuceConnectionFactory.getReactiveConnection(LettuceConnectionFactory.java:509) ~[spring-data-redis-2.7.10.jar:2.7.10]
	at org.springframework.data.redis.connection.lettuce.LettuceConnectionFactory.getReactiveConnection(LettuceConnectionFactory.java:103) ~[spring-data-redis-2.7.10.jar:2.7.10]
	at reactor.core.publisher.MonoSupplier.call(MonoSupplier.java:86) ~[reactor-core-3.4.28.jar:3.4.28]
	at reactor.core.publisher.FluxSubscribeOnCallable$CallableSubscribeOnSubscription.run(FluxSubscribeOnCallable.java:227) ~[reactor-core-3.4.28.jar:3.4.28]
	at org.springframework.cloud.sleuth.instrument.reactor.ReactorSleuth.lambda$null$6(ReactorSleuth.java:327) ~[spring-cloud-sleuth-instrumentation-3.1.7.jar:3.1.7]
	at reactor.core.scheduler.SchedulerTask.call(SchedulerTask.java:68) ~[reactor-core-3.4.28.jar:3.4.28]
	at reactor.core.scheduler.SchedulerTask.call(SchedulerTask.java:28) ~[reactor-core-3.4.28.jar:3.4.28]
	at java.util.concurrent.FutureTask.run(FutureTask.java:266) ~[na:1.8.0_65]
	at java.util.concurrent.ScheduledThreadPoolExecutor$ScheduledFutureTask.access$201(ScheduledThreadPoolExecutor.java:180) ~[na:1.8.0_65]
	at java.util.concurrent.ScheduledThreadPoolExecutor$ScheduledFutureTask.run(ScheduledThreadPoolExecutor.java:293) ~[na:1.8.0_65]
	at java.util.concurrent.ThreadPoolExecutor.runWorker(ThreadPoolExecutor.java:1142) ~[na:1.8.0_65]
	at java.util.concurrent.ThreadPoolExecutor$Worker.run(ThreadPoolExecutor.java:617) ~[na:1.8.0_65]
	at java.lang.Thread.run(Thread.java:745) ~[na:1.8.0_65]
Caused by: io.lettuce.core.RedisConnectionException: Unable to connect to localhost:6379
	at io.lettuce.core.RedisConnectionException.create(RedisConnectionException.java:78) ~[lettuce-core-6.1.10.RELEASE.jar:6.1.10.RELEASE]
	at io.lettuce.core.RedisConnectionException.create(RedisConnectionException.java:56) ~[lettuce-core-6.1.10.RELEASE.jar:6.1.10.RELEASE]
	at io.lettuce.core.AbstractRedisClient.getConnection(AbstractRedisClient.java:330) ~[lettuce-core-6.1.10.RELEASE.jar:6.1.10.RELEASE]
	at io.lettuce.core.RedisClient.connect(RedisClient.java:216) ~[lettuce-core-6.1.10.RELEASE.jar:6.1.10.RELEASE]
	at org.springframework.data.redis.connection.lettuce.StandaloneConnectionProvider.lambda$getConnection$1(StandaloneConnectionProvider.java:115) ~[spring-data-redis-2.7.10.jar:2.7.10]
	at java.util.Optional.orElseGet(Optional.java:267) ~[na:1.8.0_65]
	at org.springframework.data.redis.connection.lettuce.StandaloneConnectionProvider.getConnection(StandaloneConnectionProvider.java:115) ~[spring-data-redis-2.7.10.jar:2.7.10]
	at org.springframework.data.redis.connection.lettuce.LettuceConnectionFactory$ExceptionTranslatingConnectionProvider.getConnection(LettuceConnectionFactory.java:1595) ~[spring-data-redis-2.7.10.jar:2.7.10]
	... 16 common frames omitted
Caused by: io.netty.channel.AbstractChannel$AnnotatedConnectException: Connection refused: no further information: localhost/127.0.0.1:6379
Caused by: java.net.ConnectException: Connection refused: no further information
	at sun.nio.ch.SocketChannelImpl.checkConnect(Native Method) ~[na:1.8.0_65]
	at sun.nio.ch.SocketChannelImpl.finishConnect(SocketChannelImpl.java:717) ~[na:1.8.0_65]
	at io.netty.channel.socket.nio.NioSocketChannel.doFinishConnect(NioSocketChannel.java:337) ~[netty-transport-4.1.90.Final.jar:4.1.90.Final]
	at io.netty.channel.nio.AbstractNioChannel$AbstractNioUnsafe.finishConnect(AbstractNioChannel.java:334) ~[netty-transport-4.1.90.Final.jar:4.1.90.Final]
	at io.netty.channel.nio.NioEventLoop.processSelectedKey(NioEventLoop.java:776) ~[netty-transport-4.1.90.Final.jar:4.1.90.Final]
	at io.netty.channel.nio.NioEventLoop.processSelectedKeysOptimized(NioEventLoop.java:724) ~[netty-transport-4.1.90.Final.jar:4.1.90.Final]
	at io.netty.channel.nio.NioEventLoop.processSelectedKeys(NioEventLoop.java:650) ~[netty-transport-4.1.90.Final.jar:4.1.90.Final]
	at io.netty.channel.nio.NioEventLoop.run(NioEventLoop.java:562) ~[netty-transport-4.1.90.Final.jar:4.1.90.Final]
	at io.netty.util.concurrent.SingleThreadEventExecutor$4.run(SingleThreadEventExecutor.java:997) ~[netty-common-4.1.90.Final.jar:4.1.90.Final]
	at io.netty.util.internal.ThreadExecutorMap$2.run(ThreadExecutorMap.java:74) ~[netty-common-4.1.90.Final.jar:4.1.90.Final]
	at io.netty.util.concurrent.FastThreadLocalRunnable.run(FastThreadLocalRunnable.java:30) ~[netty-common-4.1.90.Final.jar:4.1.90.Final]
	at java.lang.Thread.run(Thread.java:745) ~[na:1.8.0_65]

2023-05-07 09:35:10.253  WARN [s3-login,,] 18840 --- [Thread-4] c.a.n.common.http.HttpClientBeanHolder   : [HttpClientBeanHolder] Start destroying common HttpClient
2023-05-07 09:35:10.253  WARN [s3-login,,] 18840 --- [Thread-11] c.a.nacos.common.notify.NotifyCenter     : [NotifyCenter] Start destroying Publisher
2023-05-07 09:35:10.253  INFO [s3-login,,] 18840 --- [Thread-23] o.s.c.s.a.z.ZipkinAutoConfiguration      : Flushing remaining spans on shutdown
2023-05-07 09:35:10.254  WARN [s3-login,,] 18840 --- [Thread-11] c.a.nacos.common.notify.NotifyCenter     : [NotifyCenter] Destruction of the end
2023-05-07 09:35:10.255  WARN [s3-login,,] 18840 --- [Thread-4] c.a.n.common.http.HttpClientBeanHolder   : [HttpClientBeanHolder] Destruction of the end
2023-05-07 09:35:10.443  INFO [s3-login,,] 18840 --- [SpringApplicationShutdownHook] c.a.c.n.registry.NacosServiceRegistry    : De-registering from Nacos Server now...
2023-05-07 09:35:10.448  INFO [s3-login,,] 18840 --- [SpringApplicationShutdownHook] c.a.c.n.registry.NacosServiceRegistry    : De-registration finished.
2023-05-07 09:35:11.627  INFO [s3-login,,] 18840 --- [SpringApplicationShutdownHook] com.alibaba.druid.pool.DruidDataSource   : {dataSource-1} closing ...
2023-05-07 09:35:11.633  INFO [s3-login,,] 18840 --- [SpringApplicationShutdownHook] com.alibaba.druid.pool.DruidDataSource   : {dataSource-1} closed
2023-05-07 09:35:18.812  WARN [s3-login,,] 7812 --- [main] c.a.c.n.c.NacosPropertySourceBuilder     : Ignore the empty nacos configuration and get it based on dataId[s3-login] & group[DEFAULT_GROUP]
2023-05-07 09:35:18.821  WARN [s3-login,,] 7812 --- [main] c.a.c.n.c.NacosPropertySourceBuilder     : Ignore the empty nacos configuration and get it based on dataId[s3-login.properties] & group[DEFAULT_GROUP]
2023-05-07 09:35:18.822  INFO [s3-login,,] 7812 --- [main] b.c.PropertySourceBootstrapConfiguration : Located property source: [BootstrapPropertySource {name='bootstrapProperties-s3-login.properties,DEFAULT_GROUP'}, BootstrapPropertySource {name='bootstrapProperties-s3-login,DEFAULT_GROUP'}]
2023-05-07 09:35:18.848  INFO [s3-login,,] 7812 --- [main] com.s3.LoginApplication                  : No active profile set, falling back to 1 default profile: "default"
2023-05-07 09:35:19.714  INFO [s3-login,,] 7812 --- [main] .s.d.r.c.RepositoryConfigurationDelegate : Multiple Spring Data modules found, entering strict repository configuration mode
2023-05-07 09:35:19.716  INFO [s3-login,,] 7812 --- [main] .s.d.r.c.RepositoryConfigurationDelegate : Bootstrapping Spring Data Redis repositories in DEFAULT mode.
2023-05-07 09:35:19.742  INFO [s3-login,,] 7812 --- [main] .s.d.r.c.RepositoryConfigurationDelegate : Finished Spring Data repository scanning in 12 ms. Found 0 Redis repository interfaces.
2023-05-07 09:35:19.934  WARN [s3-login,,] 7812 --- [main] o.m.s.mapper.ClassPathMapperScanner      : No MyBatis mapper was found in '[com.tyl.vueblog.mapper]' package. Please check your configuration.
2023-05-07 09:35:19.993  INFO [s3-login,,] 7812 --- [main] o.s.cloud.context.scope.GenericScope     : BeanFactory id=50738c96-8130-3a30-aea3-98f2205990fd
2023-05-07 09:35:20.570  INFO [s3-login,,] 7812 --- [main] o.s.b.w.embedded.tomcat.TomcatWebServer  : Tomcat initialized with port(s): 10020 (http)
2023-05-07 09:35:20.571  INFO [s3-login,,] 7812 --- [main] o.a.catalina.core.AprLifecycleListener   : An older version [1.2.26] of the Apache Tomcat Native library is installed, while Tomcat recommends a minimum version of [1.2.30]
2023-05-07 09:35:20.571  INFO [s3-login,,] 7812 --- [main] o.a.catalina.core.AprLifecycleListener   : Loaded Apache Tomcat Native library [1.2.26] using APR version [1.7.0].
2023-05-07 09:35:20.572  INFO [s3-login,,] 7812 --- [main] o.a.catalina.core.AprLifecycleListener   : APR capabilities: IPv6 [true], sendfile [true], accept filters [false], random [true], UDS [true].
2023-05-07 09:35:20.572  INFO [s3-login,,] 7812 --- [main] o.a.catalina.core.AprLifecycleListener   : APR/OpenSSL configuration: useAprConnector [false], useOpenSSL [true]
2023-05-07 09:35:20.574  INFO [s3-login,,] 7812 --- [main] o.a.catalina.core.AprLifecycleListener   : OpenSSL successfully initialized [OpenSSL 1.1.1i  8 Dec 2020]
2023-05-07 09:35:20.583  INFO [s3-login,,] 7812 --- [main] o.apache.catalina.core.StandardService   : Starting service [Tomcat]
2023-05-07 09:35:20.583  INFO [s3-login,,] 7812 --- [main] org.apache.catalina.core.StandardEngine  : Starting Servlet engine: [Apache Tomcat/9.0.73]
2023-05-07 09:35:20.748  INFO [s3-login,,] 7812 --- [main] o.a.c.c.C.[Tomcat].[localhost].[/]       : Initializing Spring embedded WebApplicationContext
2023-05-07 09:35:20.748  INFO [s3-login,,] 7812 --- [main] w.s.c.ServletWebServerApplicationContext : Root WebApplicationContext: initialization completed in 1882 ms
2023-05-07 09:35:20.842  INFO [s3-login,,] 7812 --- [main] c.a.d.s.b.a.DruidDataSourceAutoConfigure : Init DruidDataSource
2023-05-07 09:35:20.947  INFO [s3-login,,] 7812 --- [main] com.alibaba.druid.pool.DruidDataSource   : {dataSource-1} inited
2023-05-07 09:35:22.373  WARN [s3-login,,] 7812 --- [pool-3-thread-1] o.s.c.s.a.z.ZipkinAutoConfiguration      : Check result of the [RestTemplateSender{http://localhost:9411/api/v2/spans}] contains an error [CheckResult{ok=false, error=org.springframework.web.client.ResourceAccessException: I/O error on POST request for "http://localhost:9411/api/v2/spans": connect timed out; nested exception is java.net.SocketTimeoutException: connect timed out}]
2023-05-07 09:35:25.892  WARN [s3-login,,] 7812 --- [main] iguration$LoadBalancerCaffeineWarnLogger : Spring Cloud LoadBalancer is currently working with the default cache. While this cache implementation is useful for development and tests, it's recommended to use Caffeine cache in production.You can switch to using Caffeine cache, by adding it and org.springframework.cache.caffeine.CaffeineCacheManager to the classpath.
2023-05-07 09:35:25.970  INFO [s3-login,,] 7812 --- [main] o.s.b.a.e.web.EndpointLinksResolver      : Exposing 1 endpoint(s) beneath base path '/actuator'
2023-05-07 09:35:26.064  INFO [s3-login,,] 7812 --- [main] o.s.b.w.embedded.tomcat.TomcatWebServer  : Tomcat started on port(s): 10020 (http) with context path ''
2023-05-07 09:35:26.079  INFO [s3-login,,] 7812 --- [main] c.a.n.p.a.s.c.ClientAuthPluginManager    : [ClientAuthPluginManager] Load ClientAuthService com.alibaba.nacos.client.auth.impl.NacosClientAuthServiceImpl success.
2023-05-07 09:35:26.079  INFO [s3-login,,] 7812 --- [main] c.a.n.p.a.s.c.ClientAuthPluginManager    : [ClientAuthPluginManager] Load ClientAuthService com.alibaba.nacos.client.auth.ram.RamClientAuthServiceImpl success.
2023-05-07 09:35:26.340  INFO [s3-login,,] 7812 --- [main] c.a.c.n.registry.NacosServiceRegistry    : nacos registry, DEFAULT_GROUP s3-login 172.20.86.46:10020 register finished
2023-05-07 09:35:26.758  INFO [s3-login,,] 7812 --- [main] com.s3.LoginApplication                  : Started LoginApplication in 10.783 seconds (JVM running for 11.991)
2023-05-07 09:35:26.787  INFO [s3-login,,] 7812 --- [main] c.a.c.n.refresh.NacosContextRefresher    : [Nacos Config] Listening config: dataId=s3-login, group=DEFAULT_GROUP
2023-05-07 09:35:26.788  INFO [s3-login,,] 7812 --- [main] c.a.c.n.refresh.NacosContextRefresher    : [Nacos Config] Listening config: dataId=s3-login.properties, group=DEFAULT_GROUP
2023-05-07 09:35:27.496  INFO [s3-login,,] 7812 --- [RMI TCP Connection(2)-172.20.86.46] o.a.c.c.C.[Tomcat].[localhost].[/]       : Initializing Spring DispatcherServlet 'dispatcherServlet'
2023-05-07 09:35:27.496  INFO [s3-login,,] 7812 --- [RMI TCP Connection(2)-172.20.86.46] o.s.web.servlet.DispatcherServlet        : Initializing Servlet 'dispatcherServlet'
2023-05-07 09:35:27.501  INFO [s3-login,,] 7812 --- [RMI TCP Connection(2)-172.20.86.46] o.s.web.servlet.DispatcherServlet        : Completed initialization in 5 ms
2023-05-07 09:35:30.535  WARN [s3-login,,] 7812 --- [AsyncReporter{RestTemplateSender{http://localhost:9411/api/v2/spans}}] z.r.AsyncReporter$BoundedAsyncReporter   : Spans were dropped due to exceptions. All subsequent errors will be logged at FINE level.
2023-05-07 09:35:30.540  WARN [s3-login,,] 7812 --- [AsyncReporter{RestTemplateSender{http://localhost:9411/api/v2/spans}}] z.r.AsyncReporter$BoundedAsyncReporter   : Dropped 1 spans due to ResourceAccessException(I/O error on POST request for "http://localhost:9411/api/v2/spans": connect timed out; nested exception is java.net.SocketTimeoutException: connect timed out)

org.springframework.web.client.ResourceAccessException: I/O error on POST request for "http://localhost:9411/api/v2/spans": connect timed out; nested exception is java.net.SocketTimeoutException: connect timed out
	at org.springframework.web.client.RestTemplate.doExecute(RestTemplate.java:791) ~[spring-web-5.3.26.jar:5.3.26]
	at org.springframework.cloud.sleuth.zipkin2.ZipkinRestTemplateWrapper.doExecute(ZipkinRestTemplateWrapper.java:67) ~[spring-cloud-sleuth-zipkin-3.1.7.jar:3.1.7]
	at org.springframework.web.client.RestTemplate.exchange(RestTemplate.java:666) ~[spring-web-5.3.26.jar:5.3.26]
	at org.springframework.cloud.sleuth.zipkin2.RestTemplateSender.post(RestTemplateSender.java:51) ~[spring-cloud-sleuth-zipkin-3.1.7.jar:3.1.7]
	at org.springframework.cloud.sleuth.zipkin2.RestTemplateSender.lambda$new$0(RestTemplateSender.java:44) ~[spring-cloud-sleuth-zipkin-3.1.7.jar:3.1.7]
	at org.springframework.cloud.sleuth.zipkin2.HttpSender.post(HttpSender.java:137) ~[spring-cloud-sleuth-zipkin-3.1.7.jar:3.1.7]
	at org.springframework.cloud.sleuth.zipkin2.HttpSender$HttpPostCall.doExecute(HttpSender.java:150) ~[spring-cloud-sleuth-zipkin-3.1.7.jar:3.1.7]
	at org.springframework.cloud.sleuth.zipkin2.HttpSender$HttpPostCall.doExecute(HttpSender.java:140) ~[spring-cloud-sleuth-zipkin-3.1.7.jar:3.1.7]
	at zipkin2.Call$Base.execute(Call.java:391) ~[zipkin-2.23.2.jar:na]
	at zipkin2.reporter.AsyncReporter$BoundedAsyncReporter.flush(AsyncReporter.java:299) ~[zipkin-reporter-2.16.3.jar:na]
	at zipkin2.reporter.AsyncReporter$Flusher.run(AsyncReporter.java:378) [zipkin-reporter-2.16.3.jar:na]
	at java.lang.Thread.run(Thread.java:745) [na:1.8.0_65]
Caused by: java.net.SocketTimeoutException: connect timed out
	at java.net.DualStackPlainSocketImpl.waitForConnect(Native Method) ~[na:1.8.0_65]
	at java.net.DualStackPlainSocketImpl.socketConnect(DualStackPlainSocketImpl.java:85) ~[na:1.8.0_65]
	at java.net.AbstractPlainSocketImpl.doConnect(AbstractPlainSocketImpl.java:350) ~[na:1.8.0_65]
	at java.net.AbstractPlainSocketImpl.connectToAddress(AbstractPlainSocketImpl.java:206) ~[na:1.8.0_65]
	at java.net.AbstractPlainSocketImpl.connect(AbstractPlainSocketImpl.java:188) ~[na:1.8.0_65]
	at java.net.PlainSocketImpl.connect(PlainSocketImpl.java:172) ~[na:1.8.0_65]
	at java.net.SocksSocketImpl.connect(SocksSocketImpl.java:392) ~[na:1.8.0_65]
	at java.net.Socket.connect(Socket.java:589) ~[na:1.8.0_65]
	at sun.net.NetworkClient.doConnect(NetworkClient.java:175) ~[na:1.8.0_65]
	at sun.net.www.http.HttpClient.openServer(HttpClient.java:432) ~[na:1.8.0_65]
	at sun.net.www.http.HttpClient.openServer(HttpClient.java:527) ~[na:1.8.0_65]
	at sun.net.www.http.HttpClient.<init>(HttpClient.java:211) ~[na:1.8.0_65]
	at sun.net.www.http.HttpClient.New(HttpClient.java:308) ~[na:1.8.0_65]
	at sun.net.www.http.HttpClient.New(HttpClient.java:326) ~[na:1.8.0_65]
	at sun.net.www.protocol.http.HttpURLConnection.getNewHttpClient(HttpURLConnection.java:1169) ~[na:1.8.0_65]
	at sun.net.www.protocol.http.HttpURLConnection.plainConnect0(HttpURLConnection.java:1105) ~[na:1.8.0_65]
	at sun.net.www.protocol.http.HttpURLConnection.plainConnect(HttpURLConnection.java:999) ~[na:1.8.0_65]
	at sun.net.www.protocol.http.HttpURLConnection.connect(HttpURLConnection.java:933) ~[na:1.8.0_65]
	at org.springframework.http.client.SimpleBufferingClientHttpRequest.executeInternal(SimpleBufferingClientHttpRequest.java:76) ~[spring-web-5.3.26.jar:5.3.26]
	at org.springframework.http.client.AbstractBufferingClientHttpRequest.executeInternal(AbstractBufferingClientHttpRequest.java:48) ~[spring-web-5.3.26.jar:5.3.26]
	at org.springframework.http.client.AbstractClientHttpRequest.execute(AbstractClientHttpRequest.java:66) ~[spring-web-5.3.26.jar:5.3.26]
	at org.springframework.web.client.RestTemplate.doExecute(RestTemplate.java:782) ~[spring-web-5.3.26.jar:5.3.26]
	... 11 common frames omitted

2023-05-07 09:47:48.525  WARN [s3-login,,] 7812 --- [Thread-2] c.a.n.common.http.HttpClientBeanHolder   : [HttpClientBeanHolder] Start destroying common HttpClient
2023-05-07 09:47:48.525  INFO [s3-login,,] 7812 --- [Thread-21] o.s.c.s.a.z.ZipkinAutoConfiguration      : Flushing remaining spans on shutdown
2023-05-07 09:47:48.525  WARN [s3-login,,] 7812 --- [Thread-9] c.a.nacos.common.notify.NotifyCenter     : [NotifyCenter] Start destroying Publisher
2023-05-07 09:47:48.527  WARN [s3-login,,] 7812 --- [Thread-2] c.a.n.common.http.HttpClientBeanHolder   : [HttpClientBeanHolder] Destruction of the end
2023-05-07 09:47:48.527  WARN [s3-login,,] 7812 --- [Thread-9] c.a.nacos.common.notify.NotifyCenter     : [NotifyCenter] Destruction of the end
2023-05-07 09:47:48.822  INFO [s3-login,,] 7812 --- [SpringApplicationShutdownHook] c.a.c.n.registry.NacosServiceRegistry    : De-registering from Nacos Server now...
2023-05-07 09:47:48.827  INFO [s3-login,,] 7812 --- [SpringApplicationShutdownHook] c.a.c.n.registry.NacosServiceRegistry    : De-registration finished.
2023-05-07 09:47:49.965  INFO [s3-login,,] 7812 --- [SpringApplicationShutdownHook] com.alibaba.druid.pool.DruidDataSource   : {dataSource-1} closing ...
2023-05-07 09:47:49.972  INFO [s3-login,,] 7812 --- [SpringApplicationShutdownHook] com.alibaba.druid.pool.DruidDataSource   : {dataSource-1} closed
2023-05-07 09:48:06.827  WARN [s3-login,,] 19776 --- [main] c.a.c.n.c.NacosPropertySourceBuilder     : Ignore the empty nacos configuration and get it based on dataId[s3-login] & group[DEFAULT_GROUP]
2023-05-07 09:48:06.833  WARN [s3-login,,] 19776 --- [main] c.a.c.n.c.NacosPropertySourceBuilder     : Ignore the empty nacos configuration and get it based on dataId[s3-login.properties] & group[DEFAULT_GROUP]
2023-05-07 09:48:06.834  INFO [s3-login,,] 19776 --- [main] b.c.PropertySourceBootstrapConfiguration : Located property source: [BootstrapPropertySource {name='bootstrapProperties-s3-login.properties,DEFAULT_GROUP'}, BootstrapPropertySource {name='bootstrapProperties-s3-login,DEFAULT_GROUP'}]
2023-05-07 09:48:06.857  INFO [s3-login,,] 19776 --- [main] com.s3.LoginApplication                  : No active profile set, falling back to 1 default profile: "default"
2023-05-07 09:48:07.728  INFO [s3-login,,] 19776 --- [main] .s.d.r.c.RepositoryConfigurationDelegate : Multiple Spring Data modules found, entering strict repository configuration mode
2023-05-07 09:48:07.733  INFO [s3-login,,] 19776 --- [main] .s.d.r.c.RepositoryConfigurationDelegate : Bootstrapping Spring Data Redis repositories in DEFAULT mode.
2023-05-07 09:48:07.759  INFO [s3-login,,] 19776 --- [main] .s.d.r.c.RepositoryConfigurationDelegate : Finished Spring Data repository scanning in 12 ms. Found 0 Redis repository interfaces.
2023-05-07 09:48:07.945  WARN [s3-login,,] 19776 --- [main] o.m.s.mapper.ClassPathMapperScanner      : No MyBatis mapper was found in '[com.tyl.vueblog.mapper]' package. Please check your configuration.
2023-05-07 09:48:08.025  INFO [s3-login,,] 19776 --- [main] o.s.cloud.context.scope.GenericScope     : BeanFactory id=50738c96-8130-3a30-aea3-98f2205990fd
2023-05-07 09:48:08.705  INFO [s3-login,,] 19776 --- [main] o.s.b.w.embedded.tomcat.TomcatWebServer  : Tomcat initialized with port(s): 10020 (http)
2023-05-07 09:48:08.706  INFO [s3-login,,] 19776 --- [main] o.a.catalina.core.AprLifecycleListener   : An older version [1.2.26] of the Apache Tomcat Native library is installed, while Tomcat recommends a minimum version of [1.2.30]
2023-05-07 09:48:08.707  INFO [s3-login,,] 19776 --- [main] o.a.catalina.core.AprLifecycleListener   : Loaded Apache Tomcat Native library [1.2.26] using APR version [1.7.0].
2023-05-07 09:48:08.707  INFO [s3-login,,] 19776 --- [main] o.a.catalina.core.AprLifecycleListener   : APR capabilities: IPv6 [true], sendfile [true], accept filters [false], random [true], UDS [true].
2023-05-07 09:48:08.707  INFO [s3-login,,] 19776 --- [main] o.a.catalina.core.AprLifecycleListener   : APR/OpenSSL configuration: useAprConnector [false], useOpenSSL [true]
2023-05-07 09:48:08.711  INFO [s3-login,,] 19776 --- [main] o.a.catalina.core.AprLifecycleListener   : OpenSSL successfully initialized [OpenSSL 1.1.1i  8 Dec 2020]
2023-05-07 09:48:08.721  INFO [s3-login,,] 19776 --- [main] o.apache.catalina.core.StandardService   : Starting service [Tomcat]
2023-05-07 09:48:08.722  INFO [s3-login,,] 19776 --- [main] org.apache.catalina.core.StandardEngine  : Starting Servlet engine: [Apache Tomcat/9.0.73]
2023-05-07 09:48:08.917  INFO [s3-login,,] 19776 --- [main] o.a.c.c.C.[Tomcat].[localhost].[/]       : Initializing Spring embedded WebApplicationContext
2023-05-07 09:48:08.917  INFO [s3-login,,] 19776 --- [main] w.s.c.ServletWebServerApplicationContext : Root WebApplicationContext: initialization completed in 2044 ms
2023-05-07 09:48:09.013  INFO [s3-login,,] 19776 --- [main] c.a.d.s.b.a.DruidDataSourceAutoConfigure : Init DruidDataSource
2023-05-07 09:48:09.113  INFO [s3-login,,] 19776 --- [main] com.alibaba.druid.pool.DruidDataSource   : {dataSource-1} inited
2023-05-07 09:48:10.516  WARN [s3-login,,] 19776 --- [pool-3-thread-1] o.s.c.s.a.z.ZipkinAutoConfiguration      : Check result of the [RestTemplateSender{http://localhost:9411/api/v2/spans}] contains an error [CheckResult{ok=false, error=org.springframework.web.client.ResourceAccessException: I/O error on POST request for "http://localhost:9411/api/v2/spans": connect timed out; nested exception is java.net.SocketTimeoutException: connect timed out}]
2023-05-07 09:48:11.374  INFO [s3-login,,] 19776 --- [main] o.s.cloud.commons.util.InetUtils         : Cannot determine local hostname
2023-05-07 09:48:15.064  INFO [s3-login,,] 19776 --- [main] o.s.cloud.commons.util.InetUtils         : Cannot determine local hostname
2023-05-07 09:48:15.289  WARN [s3-login,,] 19776 --- [main] iguration$LoadBalancerCaffeineWarnLogger : Spring Cloud LoadBalancer is currently working with the default cache. While this cache implementation is useful for development and tests, it's recommended to use Caffeine cache in production.You can switch to using Caffeine cache, by adding it and org.springframework.cache.caffeine.CaffeineCacheManager to the classpath.
2023-05-07 09:48:15.394  INFO [s3-login,,] 19776 --- [main] o.s.b.a.e.web.EndpointLinksResolver      : Exposing 1 endpoint(s) beneath base path '/actuator'
2023-05-07 09:48:15.520  INFO [s3-login,,] 19776 --- [main] o.s.b.w.embedded.tomcat.TomcatWebServer  : Tomcat started on port(s): 10020 (http) with context path ''
2023-05-07 09:48:15.542  INFO [s3-login,,] 19776 --- [main] c.a.n.p.a.s.c.ClientAuthPluginManager    : [ClientAuthPluginManager] Load ClientAuthService com.alibaba.nacos.client.auth.impl.NacosClientAuthServiceImpl success.
2023-05-07 09:48:15.542  INFO [s3-login,,] 19776 --- [main] c.a.n.p.a.s.c.ClientAuthPluginManager    : [ClientAuthPluginManager] Load ClientAuthService com.alibaba.nacos.client.auth.ram.RamClientAuthServiceImpl success.
2023-05-07 09:48:15.812  INFO [s3-login,,] 19776 --- [main] c.a.c.n.registry.NacosServiceRegistry    : nacos registry, DEFAULT_GROUP s3-login 172.20.86.46:10020 register finished
2023-05-07 09:48:17.120  INFO [s3-login,,] 19776 --- [main] o.s.cloud.commons.util.InetUtils         : Cannot determine local hostname
2023-05-07 09:48:17.139  INFO [s3-login,,] 19776 --- [main] com.s3.LoginApplication                  : Started LoginApplication in 15.246 seconds (JVM running for 16.168)
2023-05-07 09:48:17.156  INFO [s3-login,,] 19776 --- [main] c.a.c.n.refresh.NacosContextRefresher    : [Nacos Config] Listening config: dataId=s3-login, group=DEFAULT_GROUP
2023-05-07 09:48:17.157  INFO [s3-login,,] 19776 --- [main] c.a.c.n.refresh.NacosContextRefresher    : [Nacos Config] Listening config: dataId=s3-login.properties, group=DEFAULT_GROUP
2023-05-07 09:48:17.494  INFO [s3-login,,] 19776 --- [RMI TCP Connection(4)-172.20.86.46] o.a.c.c.C.[Tomcat].[localhost].[/]       : Initializing Spring DispatcherServlet 'dispatcherServlet'
2023-05-07 09:48:17.494  INFO [s3-login,,] 19776 --- [RMI TCP Connection(4)-172.20.86.46] o.s.web.servlet.DispatcherServlet        : Initializing Servlet 'dispatcherServlet'
2023-05-07 09:48:17.498  INFO [s3-login,,] 19776 --- [RMI TCP Connection(4)-172.20.86.46] o.s.web.servlet.DispatcherServlet        : Completed initialization in 4 ms
2023-05-07 09:48:20.115  WARN [s3-login,,] 19776 --- [AsyncReporter{RestTemplateSender{http://localhost:9411/api/v2/spans}}] z.r.AsyncReporter$BoundedAsyncReporter   : Spans were dropped due to exceptions. All subsequent errors will be logged at FINE level.
2023-05-07 09:48:20.119  WARN [s3-login,,] 19776 --- [AsyncReporter{RestTemplateSender{http://localhost:9411/api/v2/spans}}] z.r.AsyncReporter$BoundedAsyncReporter   : Dropped 1 spans due to ResourceAccessException(I/O error on POST request for "http://localhost:9411/api/v2/spans": connect timed out; nested exception is java.net.SocketTimeoutException: connect timed out)

org.springframework.web.client.ResourceAccessException: I/O error on POST request for "http://localhost:9411/api/v2/spans": connect timed out; nested exception is java.net.SocketTimeoutException: connect timed out
	at org.springframework.web.client.RestTemplate.doExecute(RestTemplate.java:791) ~[spring-web-5.3.26.jar:5.3.26]
	at org.springframework.cloud.sleuth.zipkin2.ZipkinRestTemplateWrapper.doExecute(ZipkinRestTemplateWrapper.java:67) ~[spring-cloud-sleuth-zipkin-3.1.7.jar:3.1.7]
	at org.springframework.web.client.RestTemplate.exchange(RestTemplate.java:666) ~[spring-web-5.3.26.jar:5.3.26]
	at org.springframework.cloud.sleuth.zipkin2.RestTemplateSender.post(RestTemplateSender.java:51) ~[spring-cloud-sleuth-zipkin-3.1.7.jar:3.1.7]
	at org.springframework.cloud.sleuth.zipkin2.RestTemplateSender.lambda$new$0(RestTemplateSender.java:44) ~[spring-cloud-sleuth-zipkin-3.1.7.jar:3.1.7]
	at org.springframework.cloud.sleuth.zipkin2.HttpSender.post(HttpSender.java:137) ~[spring-cloud-sleuth-zipkin-3.1.7.jar:3.1.7]
	at org.springframework.cloud.sleuth.zipkin2.HttpSender$HttpPostCall.doExecute(HttpSender.java:150) ~[spring-cloud-sleuth-zipkin-3.1.7.jar:3.1.7]
	at org.springframework.cloud.sleuth.zipkin2.HttpSender$HttpPostCall.doExecute(HttpSender.java:140) ~[spring-cloud-sleuth-zipkin-3.1.7.jar:3.1.7]
	at zipkin2.Call$Base.execute(Call.java:391) ~[zipkin-2.23.2.jar:na]
	at zipkin2.reporter.AsyncReporter$BoundedAsyncReporter.flush(AsyncReporter.java:299) ~[zipkin-reporter-2.16.3.jar:na]
	at zipkin2.reporter.AsyncReporter$Flusher.run(AsyncReporter.java:378) [zipkin-reporter-2.16.3.jar:na]
	at java.lang.Thread.run(Thread.java:745) [na:1.8.0_65]
Caused by: java.net.SocketTimeoutException: connect timed out
	at java.net.DualStackPlainSocketImpl.waitForConnect(Native Method) ~[na:1.8.0_65]
	at java.net.DualStackPlainSocketImpl.socketConnect(DualStackPlainSocketImpl.java:85) ~[na:1.8.0_65]
	at java.net.AbstractPlainSocketImpl.doConnect(AbstractPlainSocketImpl.java:350) ~[na:1.8.0_65]
	at java.net.AbstractPlainSocketImpl.connectToAddress(AbstractPlainSocketImpl.java:206) ~[na:1.8.0_65]
	at java.net.AbstractPlainSocketImpl.connect(AbstractPlainSocketImpl.java:188) ~[na:1.8.0_65]
	at java.net.PlainSocketImpl.connect(PlainSocketImpl.java:172) ~[na:1.8.0_65]
	at java.net.SocksSocketImpl.connect(SocksSocketImpl.java:392) ~[na:1.8.0_65]
	at java.net.Socket.connect(Socket.java:589) ~[na:1.8.0_65]
	at sun.net.NetworkClient.doConnect(NetworkClient.java:175) ~[na:1.8.0_65]
	at sun.net.www.http.HttpClient.openServer(HttpClient.java:432) ~[na:1.8.0_65]
	at sun.net.www.http.HttpClient.openServer(HttpClient.java:527) ~[na:1.8.0_65]
	at sun.net.www.http.HttpClient.<init>(HttpClient.java:211) ~[na:1.8.0_65]
	at sun.net.www.http.HttpClient.New(HttpClient.java:308) ~[na:1.8.0_65]
	at sun.net.www.http.HttpClient.New(HttpClient.java:326) ~[na:1.8.0_65]
	at sun.net.www.protocol.http.HttpURLConnection.getNewHttpClient(HttpURLConnection.java:1169) ~[na:1.8.0_65]
	at sun.net.www.protocol.http.HttpURLConnection.plainConnect0(HttpURLConnection.java:1105) ~[na:1.8.0_65]
	at sun.net.www.protocol.http.HttpURLConnection.plainConnect(HttpURLConnection.java:999) ~[na:1.8.0_65]
	at sun.net.www.protocol.http.HttpURLConnection.connect(HttpURLConnection.java:933) ~[na:1.8.0_65]
	at org.springframework.http.client.SimpleBufferingClientHttpRequest.executeInternal(SimpleBufferingClientHttpRequest.java:76) ~[spring-web-5.3.26.jar:5.3.26]
	at org.springframework.http.client.AbstractBufferingClientHttpRequest.executeInternal(AbstractBufferingClientHttpRequest.java:48) ~[spring-web-5.3.26.jar:5.3.26]
	at org.springframework.http.client.AbstractClientHttpRequest.execute(AbstractClientHttpRequest.java:66) ~[spring-web-5.3.26.jar:5.3.26]
	at org.springframework.web.client.RestTemplate.doExecute(RestTemplate.java:782) ~[spring-web-5.3.26.jar:5.3.26]
	... 11 common frames omitted

2023-05-07 09:57:26.378  WARN [s3-login,0a644d9772d7d835,e96f4850f3f7934d] 19776 --- [http-nio-10020-exec-5] .w.s.m.s.DefaultHandlerExceptionResolver : Resolved [org.springframework.http.converter.HttpMessageNotReadableException: Required request body is missing: public com.s3.common.Result com.s3.controller.UserControlller.Login(com.s3.bean.Resuser)]
2023-05-07 10:16:07.113  WARN [s3-login,8842bb4d319e5f8b,665281c9464b94e0] 19776 --- [http-nio-10020-exec-6] .w.s.m.s.DefaultHandlerExceptionResolver : Resolved [org.springframework.http.converter.HttpMessageNotReadableException: Required request body is missing: public com.s3.common.Result com.s3.controller.UserControlller.Login(com.s3.bean.Resuser)]
2023-05-07 10:31:08.459  WARN [s3-login,,] 19776 --- [Thread-6] c.a.n.common.http.HttpClientBeanHolder   : [HttpClientBeanHolder] Start destroying common HttpClient
2023-05-07 10:31:08.459  INFO [s3-login,,] 19776 --- [Thread-27] o.s.c.s.a.z.ZipkinAutoConfiguration      : Flushing remaining spans on shutdown
2023-05-07 10:31:08.459  WARN [s3-login,,] 19776 --- [Thread-15] c.a.nacos.common.notify.NotifyCenter     : [NotifyCenter] Start destroying Publisher
2023-05-07 10:31:08.460  WARN [s3-login,,] 19776 --- [Thread-15] c.a.nacos.common.notify.NotifyCenter     : [NotifyCenter] Destruction of the end
2023-05-07 10:31:08.460  WARN [s3-login,,] 19776 --- [Thread-6] c.a.n.common.http.HttpClientBeanHolder   : [HttpClientBeanHolder] Destruction of the end
2023-05-07 10:31:08.704  INFO [s3-login,,] 19776 --- [SpringApplicationShutdownHook] c.a.c.n.registry.NacosServiceRegistry    : De-registering from Nacos Server now...
2023-05-07 10:31:08.706  INFO [s3-login,,] 19776 --- [SpringApplicationShutdownHook] c.a.c.n.registry.NacosServiceRegistry    : De-registration finished.
2023-05-07 10:31:09.964  INFO [s3-login,,] 19776 --- [SpringApplicationShutdownHook] com.alibaba.druid.pool.DruidDataSource   : {dataSource-1} closing ...
2023-05-07 10:31:09.965  INFO [s3-login,,] 19776 --- [SpringApplicationShutdownHook] com.alibaba.druid.pool.DruidDataSource   : {dataSource-1} closed
